<?xml version="1.0" encoding="UTF-8"?>
<!-- Generated by org.testng.reporters.JUnitReportReporter -->
<testsuite hostname="FVFHXGUJQ6LR" failures="0" tests="1" name="com.wipro.base.TestBaseClassFindBy" time="3.036" errors="0" timestamp="2023-05-19T21:02:07 IST" skipped="0">
  <testcase classname="com.wipro.base.TestBaseClassFindBy" name="test1" time="3.036"/>
  <system-out/>
</testsuite> <!-- com.wipro.base.TestBaseClassFindBy -->
