<?xml version="1.0" encoding="UTF-8"?>
<!-- Generated by org.testng.reporters.JUnitReportReporter -->
<testsuite hostname="LAPTOP-LIL66L1B" failures="0" tests="3" name="com.wipro.testcases.TestCase3" time="10.829" errors="0" timestamp="2023-06-04T20:25:38 IST" skipped="0">
  <testcase classname="com.wipro.testcases.TestCase3" name="Login3" time="2.504"/>
  <system-out/>
  <testcase classname="com.wipro.testcases.TestCase3" name="mymenu" time="1.795"/>
  <system-out/>
  <testcase classname="com.wipro.testcases.TestCase3" name="myselect" time="6.530"/>
  <system-out/>
</testsuite> <!-- com.wipro.testcases.TestCase3 -->
