<?xml version="1.0" encoding="UTF-8"?>
<!-- Generated by org.testng.reporters.JUnitReportReporter -->
<testsuite hostname="LAPTOP-LIL66L1B" failures="0" tests="3" name="com.wipro.testcases.TestCase4" time="10.822" errors="0" timestamp="2023-06-04T20:25:38 IST" skipped="0">
  <testcase classname="com.wipro.testcases.TestCase4" name="Login4" time="2.660"/>
  <system-out/>
  <testcase classname="com.wipro.testcases.TestCase4" name="mymenu" time="6.851"/>
  <system-out/>
  <testcase classname="com.wipro.testcases.TestCase4" name="logout4" time="1.311"/>
  <system-out/>
</testsuite> <!-- com.wipro.testcases.TestCase4 -->
