<?xml version="1.0" encoding="UTF-8"?>
<!-- Generated by org.testng.reporters.JUnitReportReporter -->
<testsuite hostname="LAPTOP-LIL66L1B" failures="0" tests="3" name="com.wipro.testcases.TestCase2" time="7.415" errors="0" timestamp="2023-06-04T20:25:38 IST" skipped="0">
  <testcase classname="com.wipro.testcases.TestCase2" name="Login2" time="2.579"/>
  <system-out/>
  <testcase classname="com.wipro.testcases.TestCase2" name="Myaccfunctionality" time="0.476"/>
  <system-out/>
  <testcase classname="com.wipro.testcases.TestCase2" name="addressfuctionality" time="4.360"/>
  <system-out/>
</testsuite> <!-- com.wipro.testcases.TestCase2 -->
