<?xml version="1.0" encoding="UTF-8"?>
<!-- Generated by org.testng.reporters.JUnitReportReporter -->
<testsuite hostname="LAPTOP-LIL66L1B" failures="0" tests="3" name="com.wipro.testcases.TestCase1" time="9.539" errors="0" timestamp="2023-06-04T20:25:38 IST" skipped="0">
  <testcase classname="com.wipro.testcases.TestCase1" name="Register1" time="5.491"/>
  <system-out/>
  <testcase classname="com.wipro.testcases.TestCase1" name="Login1" time="3.253"/>
  <system-out/>
  <testcase classname="com.wipro.testcases.TestCase1" name="logout1" time="0.795"/>
  <system-out/>
</testsuite> <!-- com.wipro.testcases.TestCase1 -->
